<?xml version="1.0" encoding="UTF-8"?>
<!-- Generated by org.testng.reporters.JUnitXMLReporter -->
<testsuite ignored="0" hostname="DESKTOP-1LRBQ0B" failures="1" tests="2" name="Test" time="26.684" errors="0" timestamp="2022-12-19T10:02:58 IST">
  <testcase classname="neoStoxTest.UsingPropertyFileTest$ValidateNeostoxUserName" name="validateACBalance" time="0.098"/>
  <testcase classname="neoStoxTest.UsingPropertyFileTest$ValidateNeostoxUserName" name="validateUserName" time="0.072">
    <failure type="java.lang.AssertionError" message="TC failed, actual and expected User Names are not matching expected [Hi Rushikesh Pagar1] but found [Hi Rushikesh Pagar]">
      <![CDATA[java.lang.AssertionError: TC failed, actual and expected User Names are not matching expected [Hi Rushikesh Pagar1] but found [Hi Rushikesh Pagar]
at neoStoxTest.UsingPropertyFileTest$ValidateNeostoxUserName.validateUserName(UsingPropertyFileTest.java:58)
at java.base/java.util.ArrayList.forEach(ArrayList.java:1541)
... Removed 36 stack frames]]>
    </failure>
  </testcase> <!-- validateUserName -->
</testsuite> <!-- Test -->
