<?xml version="1.0" encoding="UTF-8"?>
<testng-results ignored="0" total="2" passed="1" failed="1" skipped="0">
  <reporter-output>
    <line>
      <![CDATA[lantching Browser]]>
    </line>
    <line>
      <![CDATA[validate balance is]]>
    </line>
  </reporter-output>
  <suite started-at="2022-12-19T10:02:31 IST" name="Suite" finished-at="2022-12-19T10:02:58 IST" duration-ms="26684">
    <groups>
    </groups>
    <test started-at="2022-12-19T10:02:31 IST" name="Test" finished-at="2022-12-19T10:02:58 IST" duration-ms="26684">
      <class name="neoStoxTest.UsingPropertyFileTest$ValidateNeostoxUserName">
        <test-method is-config="true" signature="launchNeostox()[pri:0, instance:neoStoxTest.UsingPropertyFileTest$ValidateNeostoxUserName@6e6f2380]" started-at="2022-12-19T10:02:31 IST" name="launchNeostox" finished-at="2022-12-19T10:02:39 IST" duration-ms="7938" status="PASS">
          <reporter-output>
            <line>
              <![CDATA[lantching Browser]]>
            </line>
          </reporter-output>
        </test-method> <!-- launchNeostox -->
        <test-method is-config="true" signature="logingToNeostox()[pri:0, instance:neoStoxTest.UsingPropertyFileTest$ValidateNeostoxUserName@6e6f2380]" started-at="2022-12-19T10:02:39 IST" name="logingToNeostox" finished-at="2022-12-19T10:02:49 IST" duration-ms="9765" status="PASS">
          <reporter-output>
          </reporter-output>
        </test-method> <!-- logingToNeostox -->
        <test-method signature="validateACBalance()[pri:0, instance:neoStoxTest.UsingPropertyFileTest$ValidateNeostoxUserName@6e6f2380]" started-at="2022-12-19T10:02:49 IST" name="validateACBalance" finished-at="2022-12-19T10:02:49 IST" duration-ms="98" status="PASS">
          <reporter-output>
            <line>
              <![CDATA[validate balance is]]>
            </line>
          </reporter-output>
        </test-method> <!-- validateACBalance -->
        <test-method is-config="true" signature="logout()[pri:0, instance:neoStoxTest.UsingPropertyFileTest$ValidateNeostoxUserName@6e6f2380]" started-at="2022-12-19T10:02:49 IST" name="logout" finished-at="2022-12-19T10:02:49 IST" duration-ms="271" status="PASS">
          <reporter-output>
          </reporter-output>
        </test-method> <!-- logout -->
        <test-method is-config="true" signature="logingToNeostox()[pri:0, instance:neoStoxTest.UsingPropertyFileTest$ValidateNeostoxUserName@6e6f2380]" started-at="2022-12-19T10:02:49 IST" name="logingToNeostox" finished-at="2022-12-19T10:02:56 IST" duration-ms="7295" status="PASS">
          <reporter-output>
          </reporter-output>
        </test-method> <!-- logingToNeostox -->
        <test-method signature="validateUserName()[pri:0, instance:neoStoxTest.UsingPropertyFileTest$ValidateNeostoxUserName@6e6f2380]" started-at="2022-12-19T10:02:56 IST" name="validateUserName" finished-at="2022-12-19T10:02:57 IST" duration-ms="72" status="FAIL">
          <exception class="java.lang.AssertionError">
            <message>
              <![CDATA[TC failed, actual and expected User Names are not matching expected [Hi Rushikesh Pagar1] but found [Hi Rushikesh Pagar]]]>
            </message>
            <full-stacktrace>
              <![CDATA[java.lang.AssertionError: TC failed, actual and expected User Names are not matching expected [Hi Rushikesh Pagar1] but found [Hi Rushikesh Pagar]
at org.testng.Assert.fail(Assert.java:110)
at org.testng.Assert.failNotEquals(Assert.java:1413)
at org.testng.Assert.assertEqualsImpl(Assert.java:149)
at org.testng.Assert.assertEquals(Assert.java:131)
at org.testng.Assert.assertEquals(Assert.java:655)
at neoStoxTest.UsingPropertyFileTest$ValidateNeostoxUserName.validateUserName(UsingPropertyFileTest.java:58)
at java.base/jdk.internal.reflect.NativeMethodAccessorImpl.invoke0(Native Method)
at java.base/jdk.internal.reflect.NativeMethodAccessorImpl.invoke(NativeMethodAccessorImpl.java:62)
at java.base/jdk.internal.reflect.DelegatingMethodAccessorImpl.invoke(DelegatingMethodAccessorImpl.java:43)
at java.base/java.lang.reflect.Method.invoke(Method.java:566)
at org.testng.internal.invokers.MethodInvocationHelper.invokeMethod(MethodInvocationHelper.java:139)
at org.testng.internal.invokers.TestInvoker.invokeMethod(TestInvoker.java:677)
at org.testng.internal.invokers.TestInvoker.invokeTestMethod(TestInvoker.java:221)
at org.testng.internal.invokers.MethodRunner.runInSequence(MethodRunner.java:50)
at org.testng.internal.invokers.TestInvoker$MethodInvocationAgent.invoke(TestInvoker.java:962)
at org.testng.internal.invokers.TestInvoker.invokeTestMethods(TestInvoker.java:194)
at org.testng.internal.invokers.TestMethodWorker.invokeTestMethods(TestMethodWorker.java:148)
at org.testng.internal.invokers.TestMethodWorker.run(TestMethodWorker.java:128)
at java.base/java.util.ArrayList.forEach(ArrayList.java:1541)
at org.testng.TestRunner.privateRun(TestRunner.java:806)
at org.testng.TestRunner.run(TestRunner.java:601)
at org.testng.SuiteRunner.runTest(SuiteRunner.java:433)
at org.testng.SuiteRunner.runSequentially(SuiteRunner.java:427)
at org.testng.SuiteRunner.privateRun(SuiteRunner.java:387)
at org.testng.SuiteRunner.run(SuiteRunner.java:330)
at org.testng.SuiteRunnerWorker.runSuite(SuiteRunnerWorker.java:52)
at org.testng.SuiteRunnerWorker.run(SuiteRunnerWorker.java:95)
at org.testng.TestNG.runSuitesSequentially(TestNG.java:1256)
at org.testng.TestNG.runSuitesLocally(TestNG.java:1176)
at org.testng.TestNG.runSuites(TestNG.java:1099)
at org.testng.TestNG.run(TestNG.java:1067)
at org.apache.maven.surefire.testng.TestNGExecutor.run(TestNGExecutor.java:324)
at org.apache.maven.surefire.testng.TestNGXmlTestSuite.execute(TestNGXmlTestSuite.java:74)
at org.apache.maven.surefire.testng.TestNGProvider.invoke(TestNGProvider.java:123)
at org.apache.maven.surefire.booter.ForkedBooter.runSuitesInProcess(ForkedBooter.java:456)
at org.apache.maven.surefire.booter.ForkedBooter.execute(ForkedBooter.java:169)
at org.apache.maven.surefire.booter.ForkedBooter.run(ForkedBooter.java:595)
at org.apache.maven.surefire.booter.ForkedBooter.main(ForkedBooter.java:581)
]]>
            </full-stacktrace>
          </exception> <!-- java.lang.AssertionError -->
          <reporter-output>
          </reporter-output>
        </test-method> <!-- validateUserName -->
        <test-method is-config="true" signature="logout()[pri:0, instance:neoStoxTest.UsingPropertyFileTest$ValidateNeostoxUserName@6e6f2380]" started-at="2022-12-19T10:02:57 IST" name="logout" finished-at="2022-12-19T10:02:57 IST" duration-ms="229" status="PASS">
          <reporter-output>
          </reporter-output>
        </test-method> <!-- logout -->
        <test-method is-config="true" signature="closeApplication()[pri:0, instance:neoStoxTest.UsingPropertyFileTest$ValidateNeostoxUserName@6e6f2380]" started-at="2022-12-19T10:02:57 IST" name="closeApplication" finished-at="2022-12-19T10:02:58 IST" duration-ms="887" status="PASS">
          <reporter-output>
          </reporter-output>
        </test-method> <!-- closeApplication -->
      </class> <!-- neoStoxTest.UsingPropertyFileTest$ValidateNeostoxUserName -->
    </test> <!-- Test -->
  </suite> <!-- Suite -->
</testng-results>
